<?xml version="1.0" encoding="UTF-8"?>
<testng-results ignored="0" total="1" passed="1" failed="0" skipped="0">
  <reporter-output>
  </reporter-output>
  <suite started-at="2022-04-12T15:44:32 IST" name="Default suite" finished-at="2022-04-12T15:44:40 IST" duration-ms="8240">
    <groups>
    </groups>
    <test started-at="2022-04-12T15:44:32 IST" name="Default test" finished-at="2022-04-12T15:44:40 IST" duration-ms="8240">
      <class name="group1_art.tc_links_01">
        <test-method signature="testcase1()[pri:0, instance:group1_art.tc_links_01@5d0a1059]" started-at="2022-04-12T15:44:32 IST" name="testcase1" finished-at="2022-04-12T15:44:40 IST" duration-ms="8174" status="PASS">
          <reporter-output>
          </reporter-output>
        </test-method> <!-- testcase1 -->
      </class> <!-- group1_art.tc_links_01 -->
    </test> <!-- Default test -->
  </suite> <!-- Default suite -->
</testng-results>
